# Logfile created on 2017-11-19 16:21:54 +0000 by logger.rb/47272
  INFO ---------------------------------------------------------------------------
  INFO START 2017-11-19 16:21:54 +0000 cap staging deploy:check
  INFO ---------------------------------------------------------------------------
  INFO [c06fade2] Running /usr/bin/env mkdir -p /tmp as deploy@vhost1.com
  INFO ---------------------------------------------------------------------------
  INFO START 2017-11-19 16:23:01 +0000 cap staging deploy:check
  INFO ---------------------------------------------------------------------------
  INFO [ad801423] Running /usr/bin/env mkdir -p /tmp as deploy@vhost1.com
  INFO ---------------------------------------------------------------------------
  INFO START 2017-11-19 16:23:22 +0000 cap staging deploy:--trace
  INFO ---------------------------------------------------------------------------
  INFO ---------------------------------------------------------------------------
  INFO START 2017-11-19 16:26:43 +0000 cap staging deploy:check
  INFO ---------------------------------------------------------------------------
  INFO [8bb65be2] Running /usr/bin/env mkdir -p /tmp as deploy@vhost1.com
  INFO ---------------------------------------------------------------------------
  INFO START 2017-11-19 16:42:11 +0000 cap staging deploy:check
  INFO ---------------------------------------------------------------------------
  INFO [862d66f9] Running /usr/bin/env mkdir -p /tmp as deploy@vhost1.com
  INFO ---------------------------------------------------------------------------
  INFO START 2017-11-19 16:42:39 +0000 cap staging deploy:check
  INFO ---------------------------------------------------------------------------
  INFO [ce8e34db] Running /usr/bin/env mkdir -p /tmp as deploy@vhost1.com
